<?xml version="1.0" encoding="UTF-8"?>
<!-- Generated by org.testng.reporters.JUnitReportReporter -->
<testsuite hostname="LAPTOP-T3SB9B3U" failures="0" tests="5" name="test.CheckOutCompleteTest" time="18.554" errors="0" timestamp="2023-04-03T17:35:31 IST" skipped="0">
  <testcase classname="test.CheckOutCompleteTest" name="verifyTitleTest" time="3.524"/>
  <system-out>
    <![CDATA[complete TItle is Checkout: Complete!]]>
  </system-out>
  <testcase classname="test.CheckOutCompleteTest" name="verifyHeaderTest" time="4.051"/>
  <system-out>
    <![CDATA[The complete Page Header is : Thank you for your order!]]>
  </system-out>
  <testcase classname="test.CheckOutCompleteTest" name="verifyLogoTest" time="3.589"/>
  <system-out>
    <![CDATA[Logotrue]]>
  </system-out>
  <testcase classname="test.CheckOutCompleteTest" name="verifyTextTest" time="3.765"/>
  <system-out>
    <![CDATA[TEXT true]]>
  </system-out>
  <testcase classname="test.CheckOutCompleteTest" name="verifyBackBtn" time="3.625"/>
  <system-out>
    <![CDATA[After click on Back Button :https://www.saucedemo.com/inventory.html]]>
  </system-out>
</testsuite> <!-- test.CheckOutCompleteTest -->
