<?xml version="1.0" encoding="UTF-8"?>
<!-- Generated by org.testng.reporters.JUnitReportReporter -->
<testsuite hostname="LAPTOP-T3SB9B3U" failures="0" tests="4" name="test.SLoginTest" time="81.267" errors="0" timestamp="2023-04-03T17:35:31 IST" skipped="0">
  <testcase classname="test.SLoginTest" name="verifyLoginTest" time="3.739"/>
  <system-out>
    <![CDATA[Inventory page Url is : https://www.saucedemo.com/inventory.html]]>
  </system-out>
  <testcase classname="test.SLoginTest" name="verifyTitleTest" time="2.317"/>
  <system-out>
    <![CDATA[Login Page Title is : Swag Labs]]>
  </system-out>
  <testcase classname="test.SLoginTest" name="verifyLoginLogoTest" time="2.172"/>
  <system-out>
    <![CDATA[Login Page Logo is :Swag Labs]]>
  </system-out>
  <testcase classname="test.SLoginTest" name="verifyLoginUrlTest" time="73.039"/>
  <system-out>
    <![CDATA[Login Page URL is :https://www.saucedemo.com/]]>
  </system-out>
</testsuite> <!-- test.SLoginTest -->
