<?xml version="1.0" encoding="UTF-8"?>
<!-- Generated by org.testng.reporters.JUnitReportReporter -->
<testsuite hostname="LAPTOP-T3SB9B3U" failures="0" tests="3" name="test.CheckOutCartTest" time="9.611" errors="0" timestamp="2023-04-03T17:35:31 IST" skipped="0">
  <testcase classname="test.CheckOutCartTest" name="verifyCheckoutTitleText" time="3.009"/>
  <system-out>
    <![CDATA[The Title Of Checkout Page Is :Checkout: Your Information]]>
  </system-out>
  <testcase classname="test.CheckOutCartTest" name="verifyInformation" time="3.315"/>
  <system-out>
    <![CDATA[The info URL is https://www.saucedemo.com/checkout-step-two.html]]>
  </system-out>
  <testcase classname="test.CheckOutCartTest" name="verifyCancelBtn" time="3.287"/>
  <system-out>
    <![CDATA[The expected URL is : https://www.saucedemo.com/cart.html]]>
  </system-out>
</testsuite> <!-- test.CheckOutCartTest -->
