<?xml version="1.0" encoding="UTF-8"?>
<!-- Generated by org.testng.reporters.JUnitReportReporter -->
<testsuite hostname="LAPTOP-T3SB9B3U" failures="0" tests="7" name="test.CheckOutOverviewTest" time="24.832" errors="0" timestamp="2023-04-03T17:35:31 IST" skipped="0">
  <testcase classname="test.CheckOutOverviewTest" name="verifyOverviewTitleTest" time="3.593"/>
  <system-out>
    <![CDATA[The Overview Page TItle is Checkout: Overview]]>
  </system-out>
  <testcase classname="test.CheckOutOverviewTest" name="verifyPaymentInfoTest" time="3.451"/>
  <system-out>
    <![CDATA[the Payment info is true]]>
  </system-out>
  <testcase classname="test.CheckOutOverviewTest" name="verifyShipInfoTest" time="3.675"/>
  <system-out>
    <![CDATA[The shipment Info is : true]]>
  </system-out>
  <testcase classname="test.CheckOutOverviewTest" name="verifyPriceTest" time="3.348"/>
  <system-out>
    <![CDATA[The price Info is  : true]]>
  </system-out>
  <testcase classname="test.CheckOutOverviewTest" name="verifytotalPaymentinfoTest" time="3.491"/>
  <system-out>
    <![CDATA[The Total payment info is :true]]>
  </system-out>
  <testcase classname="test.CheckOutOverviewTest" name="verifyCancelBtnTest" time="3.592"/>
  <system-out>
    <![CDATA[After click Cancel button URl shows https://www.saucedemo.com/inventory.html]]>
  </system-out>
  <testcase classname="test.CheckOutOverviewTest" name="verifyFinishBtnTest" time="3.682"/>
  <system-out>
    <![CDATA[After click finish Button Url Shows https://www.saucedemo.com/checkout-complete.html]]>
  </system-out>
</testsuite> <!-- test.CheckOutOverviewTest -->
